{"numFailedTestSuites":0,"numFailedTests":0,"numPassedTestSuites":1,"numPassedTests":26,"numPendingTestSuites":0,"numPendingTests":0,"numRuntimeErrorTestSuites":0,"numTodoTests":0,"numTotalTestSuites":1,"numTotalTests":26,"openHandles":[],"snapshot":{"added":0,"didUpdate":false,"failure":false,"filesAdded":0,"filesRemoved":0,"filesRemovedList":[],"filesUnmatched":0,"filesUpdated":0,"matched":0,"total":0,"unchecked":0,"uncheckedKeysByFile":[],"unmatched":0,"updated":0},"startTime":1749413394503,"success":true,"testResults":[{"assertionResults":[{"ancestorTitles":["Server","Constructor"],"duration":6,"failureDetails":[],"failureMessages":[],"fullName":"Server Constructor should initialize the Express app correctly","invocations":1,"location":null,"numPassingAsserts":5,"retryReasons":[],"status":"passed","title":"should initialize the Express app correctly"},{"ancestorTitles":["Server","Constructor"],"duration":1,"failureDetails":[],"failureMessages":[],"fullName":"Server Constructor should configure cleanup job","invocations":1,"location":null,"numPassingAsserts":1,"retryReasons":[],"status":"passed","title":"should configure cleanup job"},{"ancestorTitles":["Server","handleAlert"],"duration":1,"failureDetails":[],"failureMessages":[],"fullName":"Server handleAlert should return 400 for invalid payload","invocations":1,"location":null,"numPassingAsserts":1,"retryReasons":[],"status":"passed","title":"should return 400 for invalid payload"},{"ancestorTitles":["Server","handleAlert"],"duration":3,"failureDetails":[],"failureMessages":[],"fullName":"Server handleAlert should return 400 if alerts is not an array","invocations":1,"location":null,"numPassingAsserts":2,"retryReasons":[],"status":"passed","title":"should return 400 if alerts is not an array"},{"ancestorTitles":["Server","handleAlert"],"duration":24,"failureDetails":[],"failureMessages":[],"fullName":"Server handleAlert should process valid alerts","invocations":1,"location":null,"numPassingAsserts":2,"retryReasons":[],"status":"passed","title":"should process valid alerts"},{"ancestorTitles":["Server","handleAlert"],"duration":16,"failureDetails":[],"failureMessages":[],"fullName":"Server handleAlert should pass errors to next()","invocations":1,"location":null,"numPassingAsserts":1,"retryReasons":[],"status":"passed","title":"should pass errors to next()"},{"ancestorTitles":["Server","processAlerts"],"duration":7,"failureDetails":[],"failureMessages":[],"fullName":"Server processAlerts should skip duplicate alerts","invocations":1,"location":null,"numPassingAsserts":1,"retryReasons":[],"status":"passed","title":"should skip duplicate alerts"},{"ancestorTitles":["Server","processAlerts"],"duration":4,"failureDetails":[],"failureMessages":[],"fullName":"Server processAlerts should send new alerts to Gotify","invocations":1,"location":null,"numPassingAsserts":2,"retryReasons":[],"status":"passed","title":"should send new alerts to Gotify"},{"ancestorTitles":["Server","processAlerts"],"duration":5,"failureDetails":[],"failureMessages":[],"fullName":"Server processAlerts should process multiple alerts in parallel","invocations":1,"location":null,"numPassingAsserts":2,"retryReasons":[],"status":"passed","title":"should process multiple alerts in parallel"},{"ancestorTitles":["Server","sendGotifyNotification"],"duration":14,"failureDetails":[],"failureMessages":[],"fullName":"Server sendGotifyNotification should throw error if Gotify URL is not configured","invocations":1,"location":null,"numPassingAsserts":1,"retryReasons":[],"status":"passed","title":"should throw error if Gotify URL is not configured"},{"ancestorTitles":["Server","sendGotifyNotification"],"duration":5,"failureDetails":[],"failureMessages":[],"fullName":"Server sendGotifyNotification should send notification with correct priority","invocations":1,"location":null,"numPassingAsserts":1,"retryReasons":[],"status":"passed","title":"should send notification with correct priority"},{"ancestorTitles":["Server","sendGotifyNotification"],"duration":3,"failureDetails":[],"failureMessages":[],"fullName":"Server sendGotifyNotification should use \"Resolved\" title for resolved alerts","invocations":1,"location":null,"numPassingAsserts":1,"retryReasons":[],"status":"passed","title":"should use \"Resolved\" title for resolved alerts"},{"ancestorTitles":["Server","sendGotifyNotification"],"duration":2,"failureDetails":[],"failureMessages":[],"fullName":"Server sendGotifyNotification should use summary if description is missing","invocations":1,"location":null,"numPassingAsserts":1,"retryReasons":[],"status":"passed","title":"should use summary if description is missing"},{"ancestorTitles":["Server","sendGotifyNotification"],"duration":3,"failureDetails":[],"failureMessages":[],"fullName":"Server sendGotifyNotification should use fallback message if description and summary are missing","invocations":1,"location":null,"numPassingAsserts":1,"retryReasons":[],"status":"passed","title":"should use fallback message if description and summary are missing"},{"ancestorTitles":["Server","sendGotifyNotification"],"duration":2,"failureDetails":[],"failureMessages":[],"fullName":"Server sendGotifyNotification should use \"Alert\" if alertname is missing","invocations":1,"location":null,"numPassingAsserts":1,"retryReasons":[],"status":"passed","title":"should use \"Alert\" if alertname is missing"},{"ancestorTitles":["Server","generateAlertId"],"duration":1,"failureDetails":[],"failureMessages":[],"fullName":"Server generateAlertId should generate consistent IDs","invocations":1,"location":null,"numPassingAsserts":1,"retryReasons":[],"status":"passed","title":"should generate consistent IDs"},{"ancestorTitles":["Server","generateAlertId"],"duration":1,"failureDetails":[],"failureMessages":[],"fullName":"Server generateAlertId should handle empty values","invocations":1,"location":null,"numPassingAsserts":1,"retryReasons":[],"status":"passed","title":"should handle empty values"},{"ancestorTitles":["Server","generateAlertId"],"duration":1,"failureDetails":[],"failureMessages":[],"fullName":"Server generateAlertId should handle missing properties","invocations":1,"location":null,"numPassingAsserts":1,"retryReasons":[],"status":"passed","title":"should handle missing properties"},{"ancestorTitles":["Server","getLocalIP"],"duration":3,"failureDetails":[],"failureMessages":[],"fullName":"Server getLocalIP should return local IP address","invocations":1,"location":null,"numPassingAsserts":1,"retryReasons":[],"status":"passed","title":"should return local IP address"},{"ancestorTitles":["Server","getLocalIP"],"duration":1,"failureDetails":[],"failureMessages":[],"fullName":"Server getLocalIP should return localhost if no external IP is found","invocations":1,"location":null,"numPassingAsserts":1,"retryReasons":[],"status":"passed","title":"should return localhost if no external IP is found"},{"ancestorTitles":["Server","getLocalIP"],"duration":1,"failureDetails":[],"failureMessages":[],"fullName":"Server getLocalIP should return localhost for empty network interfaces","invocations":1,"location":null,"numPassingAsserts":1,"retryReasons":[],"status":"passed","title":"should return localhost for empty network interfaces"},{"ancestorTitles":["Server","getLocalIP"],"duration":1,"failureDetails":[],"failureMessages":[],"fullName":"Server getLocalIP should return localhost for undefined interfaces","invocations":1,"location":null,"numPassingAsserts":1,"retryReasons":[],"status":"passed","title":"should return localhost for undefined interfaces"},{"ancestorTitles":["Server","getLocalIP"],"duration":1,"failureDetails":[],"failureMessages":[],"fullName":"Server getLocalIP should skip IPv6 addresses","invocations":1,"location":null,"numPassingAsserts":1,"retryReasons":[],"status":"passed","title":"should skip IPv6 addresses"},{"ancestorTitles":["Server","start"],"duration":1,"failureDetails":[],"failureMessages":[],"fullName":"Server start should start server with default port","invocations":1,"location":null,"numPassingAsserts":2,"retryReasons":[],"status":"passed","title":"should start server with default port"},{"ancestorTitles":["Server","start"],"duration":1,"failureDetails":[],"failureMessages":[],"fullName":"Server start should start server with custom port","invocations":1,"location":null,"numPassingAsserts":1,"retryReasons":[],"status":"passed","title":"should start server with custom port"},{"ancestorTitles":["Server","setupAlertCleanupJob"],"duration":2,"failureDetails":[],"failureMessages":[],"fullName":"Server setupAlertCleanupJob should remove old alerts from cache","invocations":1,"location":null,"numPassingAsserts":3,"retryReasons":[],"status":"passed","title":"should remove old alerts from cache"}],"endTime":1749413397770,"message":"","name":"C:\\Users\\winserver\\Documents\\gitlab\\munir\\alertmanager-gotify-\\src\\index.test.ts","startTime":1749413394666,"status":"passed","summary":""}],"wasInterrupted":false,"coverageMap":{"C:\\Users\\winserver\\Documents\\gitlab\\munir\\alertmanager-gotify-\\src\\index.ts":{"path":"C:\\Users\\winserver\\Documents\\gitlab\\munir\\alertmanager-gotify-\\src\\index.ts","statementMap":{"0":{"start":{"line":1,"column":0},"end":{"line":1,"column":null}},"1":{"start":{"line":6,"column":0},"end":{"line":6,"column":23}},"2":{"start":{"line":7,"column":0},"end":{"line":7,"column":20}},"3":{"start":{"line":8,"column":0},"end":{"line":8,"column":41}},"4":{"start":{"line":9,"column":0},"end":{"line":9,"column":26}},"5":{"start":{"line":10,"column":0},"end":{"line":10,"column":37}},"6":{"start":{"line":11,"column":0},"end":{"line":11,"column":26}},"7":{"start":{"line":50,"column":18},"end":{"line":50,"column":60}},"8":{"start":{"line":57,"column":18},"end":{"line":57,"column":39}},"9":{"start":{"line":64,"column":18},"end":{"line":64,"column":34}},"10":{"start":{"line":71,"column":9},"end":{"line":71,"column":48}},"11":{"start":{"line":79,"column":2},"end":{"line":79,"column":23}},"12":{"start":{"line":80,"column":2},"end":{"line":80,"column":29}},"13":{"start":{"line":81,"column":2},"end":{"line":81,"column":21}},"14":{"start":{"line":82,"column":2},"end":{"line":82,"column":30}},"15":{"start":{"line":91,"column":2},"end":{"line":91,"column":48}},"16":{"start":{"line":92,"column":2},"end":{"line":92,"column":70}},"17":{"start":{"line":93,"column":2},"end":{"line":93,"column":31}},"18":{"start":{"line":102,"column":2},"end":{"line":104,"column":4}},"19":{"start":{"line":103,"column":3},"end":{"line":103,"column":35}},"20":{"start":{"line":114,"column":2},"end":{"line":122,"column":5}},"21":{"start":{"line":115,"column":15},"end":{"line":115,"column":32}},"22":{"start":{"line":116,"column":3},"end":{"line":121,"column":4}},"23":{"start":{"line":117,"column":4},"end":{"line":120,"column":5}},"24":{"start":{"line":118,"column":5},"end":{"line":118,"column":32}},"25":{"start":{"line":119,"column":5},"end":{"line":119,"column":49}},"26":{"start":{"line":137,"column":2},"end":{"line":150,"column":3}},"27":{"start":{"line":138,"column":3},"end":{"line":143,"column":4}},"28":{"start":{"line":139,"column":4},"end":{"line":141,"column":7}},"29":{"start":{"line":142,"column":4},"end":{"line":142,"column":11}},"30":{"start":{"line":145,"column":3},"end":{"line":145,"column":45}},"31":{"start":{"line":146,"column":3},"end":{"line":146,"column":54}},"32":{"start":{"line":148,"column":3},"end":{"line":148,"column":56}},"33":{"start":{"line":149,"column":3},"end":{"line":149,"column":15}},"34":{"start":{"line":159,"column":2},"end":{"line":171,"column":4}},"35":{"start":{"line":161,"column":15},"end":{"line":161,"column":42}},"36":{"start":{"line":163,"column":4},"end":{"line":166,"column":5}},"37":{"start":{"line":164,"column":5},"end":{"line":164,"column":59}},"38":{"start":{"line":165,"column":5},"end":{"line":165,"column":12}},"39":{"start":{"line":168,"column":4},"end":{"line":168,"column":49}},"40":{"start":{"line":169,"column":4},"end":{"line":169,"column":47}},"41":{"start":{"line":186,"column":2},"end":{"line":188,"column":3}},"42":{"start":{"line":187,"column":3},"end":{"line":187,"column":48}},"43":{"start":{"line":190,"column":16},"end":{"line":190,"column":73}},"44":{"start":{"line":191,"column":18},"end":{"line":194,"column":5}},"45":{"start":{"line":195,"column":19},"end":{"line":195,"column":72}},"46":{"start":{"line":197,"column":2},"end":{"line":197,"column":66}},"47":{"start":{"line":198,"column":2},"end":{"line":198,"column":32}},"48":{"start":{"line":208,"column":2},"end":{"line":212,"column":14}},"49":{"start":{"line":221,"column":21},"end":{"line":221,"column":43}},"50":{"start":{"line":222,"column":2},"end":{"line":229,"column":3}},"51":{"start":{"line":223,"column":3},"end":{"line":223,"column":23}},"52":{"start":{"line":223,"column":14},"end":{"line":223,"column":23}},"53":{"start":{"line":224,"column":3},"end":{"line":228,"column":4}},"54":{"start":{"line":225,"column":4},"end":{"line":227,"column":5}},"55":{"start":{"line":226,"column":5},"end":{"line":226,"column":24}},"56":{"start":{"line":230,"column":2},"end":{"line":230,"column":21}},"57":{"start":{"line":239,"column":15},"end":{"line":239,"column":62}},"58":{"start":{"line":240,"column":13},"end":{"line":240,"column":30}},"59":{"start":{"line":242,"column":2},"end":{"line":248,"column":5}},"60":{"start":{"line":243,"column":3},"end":{"line":247,"column":6}},"61":{"start":{"line":37,"column":0},"end":{"line":37,"column":13}},"62":{"start":{"line":257,"column":15},"end":{"line":257,"column":27}},"63":{"start":{"line":263,"column":0},"end":{"line":263,"column":15}}},"fnMap":{"0":{"name":"(anonymous_1)","decl":{"start":{"line":78,"column":1},"end":{"line":78,"column":null}},"loc":{"start":{"line":78,"column":1},"end":{"line":83,"column":2}}},"1":{"name":"(anonymous_2)","decl":{"start":{"line":90,"column":9},"end":{"line":90,"column":28}},"loc":{"start":{"line":90,"column":28},"end":{"line":94,"column":2}}},"2":{"name":"(anonymous_3)","decl":{"start":{"line":101,"column":9},"end":{"line":101,"column":20}},"loc":{"start":{"line":101,"column":20},"end":{"line":105,"column":2}}},"3":{"name":"(anonymous_4)","decl":{"start":{"line":102,"column":26},"end":{"line":102,"column":27}},"loc":{"start":{"line":103,"column":3},"end":{"line":103,"column":35}}},"4":{"name":"(anonymous_5)","decl":{"start":{"line":113,"column":9},"end":{"line":113,"column":29}},"loc":{"start":{"line":113,"column":29},"end":{"line":123,"column":2}}},"5":{"name":"(anonymous_6)","decl":{"start":{"line":114,"column":38},"end":{"line":114,"column":41}},"loc":{"start":{"line":114,"column":43},"end":{"line":122,"column":3}}},"6":{"name":"(anonymous_7)","decl":{"start":{"line":132,"column":9},"end":{"line":132,"column":14}},"loc":{"start":{"line":135,"column":20},"end":{"line":151,"column":2}}},"7":{"name":"(anonymous_8)","decl":{"start":{"line":158,"column":9},"end":{"line":158,"column":14}},"loc":{"start":{"line":158,"column":44},"end":{"line":172,"column":2}}},"8":{"name":"(anonymous_9)","decl":{"start":{"line":160,"column":14},"end":{"line":160,"column":19}},"loc":{"start":{"line":160,"column":30},"end":{"line":170,"column":4}}},"9":{"name":"(anonymous_10)","decl":{"start":{"line":182,"column":9},"end":{"line":182,"column":14}},"loc":{"start":{"line":184,"column":12},"end":{"line":199,"column":2}}},"10":{"name":"(anonymous_11)","decl":{"start":{"line":207,"column":9},"end":{"line":207,"column":24}},"loc":{"start":{"line":207,"column":37},"end":{"line":213,"column":2}}},"11":{"name":"(anonymous_12)","decl":{"start":{"line":220,"column":9},"end":{"line":220,"column":19}},"loc":{"start":{"line":220,"column":19},"end":{"line":231,"column":2}}},"12":{"name":"(anonymous_13)","decl":{"start":{"line":238,"column":8},"end":{"line":238,"column":13}},"loc":{"start":{"line":238,"column":13},"end":{"line":249,"column":2}}},"13":{"name":"(anonymous_14)","decl":{"start":{"line":242,"column":28},"end":{"line":242,"column":31}},"loc":{"start":{"line":242,"column":33},"end":{"line":248,"column":3}}}},"branchMap":{"0":{"loc":{"start":{"line":117,"column":4},"end":{"line":120,"column":5}},"type":"if","locations":[{"start":{"line":117,"column":4},"end":{"line":120,"column":5}}]},"1":{"loc":{"start":{"line":138,"column":3},"end":{"line":143,"column":4}},"type":"if","locations":[{"start":{"line":138,"column":3},"end":{"line":143,"column":4}}]},"2":{"loc":{"start":{"line":163,"column":4},"end":{"line":166,"column":5}},"type":"if","locations":[{"start":{"line":163,"column":4},"end":{"line":166,"column":5}}]},"3":{"loc":{"start":{"line":186,"column":2},"end":{"line":188,"column":3}},"type":"if","locations":[{"start":{"line":186,"column":2},"end":{"line":188,"column":3}}]},"4":{"loc":{"start":{"line":190,"column":16},"end":{"line":190,"column":73}},"type":"cond-expr","locations":[{"start":{"line":190,"column":44},"end":{"line":190,"column":58}},{"start":{"line":190,"column":61},"end":{"line":190,"column":73}}]},"5":{"loc":{"start":{"line":191,"column":21},"end":{"line":191,"column":54}},"type":"binary-expr","locations":[{"start":{"line":191,"column":21},"end":{"line":191,"column":43}},{"start":{"line":191,"column":47},"end":{"line":191,"column":54}}]},"6":{"loc":{"start":{"line":191,"column":59},"end":{"line":193,"column":null}},"type":"binary-expr","locations":[{"start":{"line":191,"column":59},"end":{"line":191,"column":88}},{"start":{"line":192,"column":3},"end":{"line":192,"column":28}},{"start":{"line":193,"column":3},"end":{"line":193,"column":null}}]},"7":{"loc":{"start":{"line":195,"column":19},"end":{"line":195,"column":72}},"type":"cond-expr","locations":[{"start":{"line":195,"column":47},"end":{"line":195,"column":68}},{"start":{"line":195,"column":71},"end":{"line":195,"column":72}}]},"8":{"loc":{"start":{"line":209,"column":3},"end":{"line":209,"column":31}},"type":"binary-expr","locations":[{"start":{"line":209,"column":3},"end":{"line":209,"column":25}},{"start":{"line":209,"column":29},"end":{"line":209,"column":31}}]},"9":{"loc":{"start":{"line":210,"column":3},"end":{"line":210,"column":30}},"type":"binary-expr","locations":[{"start":{"line":210,"column":3},"end":{"line":210,"column":24}},{"start":{"line":210,"column":28},"end":{"line":210,"column":30}}]},"10":{"loc":{"start":{"line":223,"column":3},"end":{"line":223,"column":23}},"type":"if","locations":[{"start":{"line":223,"column":3},"end":{"line":223,"column":23}}]},"11":{"loc":{"start":{"line":225,"column":4},"end":{"line":227,"column":5}},"type":"if","locations":[{"start":{"line":225,"column":4},"end":{"line":227,"column":5}}]},"12":{"loc":{"start":{"line":225,"column":8},"end":{"line":225,"column":46}},"type":"binary-expr","locations":[{"start":{"line":225,"column":8},"end":{"line":225,"column":29}},{"start":{"line":225,"column":33},"end":{"line":225,"column":46}}]},"13":{"loc":{"start":{"line":239,"column":24},"end":{"line":239,"column":57}},"type":"binary-expr","locations":[{"start":{"line":239,"column":24},"end":{"line":239,"column":47}},{"start":{"line":239,"column":51},"end":{"line":239,"column":57}}]},"14":{"loc":{"start":{"line":246,"column":17},"end":{"line":246,"column":54}},"type":"binary-expr","locations":[{"start":{"line":246,"column":17},"end":{"line":246,"column":37}},{"start":{"line":246,"column":41},"end":{"line":246,"column":54}}]}},"s":{"0":1,"1":1,"2":1,"3":1,"4":1,"5":1,"6":1,"7":27,"8":27,"9":27,"10":27,"11":27,"12":27,"13":27,"14":27,"15":27,"16":27,"17":27,"18":27,"19":0,"20":27,"21":1,"22":1,"23":2,"24":1,"25":1,"26":4,"27":4,"28":2,"29":2,"30":2,"31":1,"32":1,"33":1,"34":5,"35":6,"36":6,"37":1,"38":1,"39":5,"40":4,"41":11,"42":1,"43":10,"44":10,"45":10,"46":10,"47":9,"48":10,"49":8,"50":8,"51":7,"52":1,"53":6,"54":7,"55":4,"56":4,"57":3,"58":3,"59":3,"60":2,"61":1,"62":1,"63":1},"f":{"0":27,"1":27,"2":27,"3":0,"4":27,"5":1,"6":4,"7":5,"8":6,"9":11,"10":10,"11":8,"12":3,"13":2},"b":{"0":[1],"1":[2],"2":[1],"3":[1],"4":[9,1],"5":[10,1],"6":[10,2,1],"7":[9,1],"8":[10,1],"9":[10,2],"10":[1],"11":[4],"12":[7,6],"13":[3,0],"14":[2,0]}}}}
